2023-07-22 16:44:50,952 INFO [main] c.NettyApplication.NettyApplication [StartupInfoLogger.java : 55] Starting NettyApplication using Java 11.0.2 on 192.168.0.111 with PID 4342 (/Users/yubo/Documents/project/number/target/classes started by yubo in /Users/yubo/Documents/project/number)
2023-07-22 16:44:50,955 INFO [main] c.NettyApplication.NettyApplication [SpringApplication.java : 639] The following profiles are active: dev
2023-07-22 16:44:52,151 WARN [main] o.m.s.mapper.ClassPathMapperScanner [Logger.java : 44] No MyBatis mapper was found in '[com.NettyApplication]' package. Please check your configuration.
2023-07-22 16:44:52,758 INFO [main] o.s.b.w.e.tomcat.TomcatWebServer [TomcatWebServer.java : 108] Tomcat initialized with port(s): 8888 (http)
2023-07-22 16:44:52,770 INFO [main] o.a.coyote.http11.Http11NioProtocol [DirectJDKLog.java : 173] Initializing ProtocolHandler ["http-nio-8888"]
2023-07-22 16:44:52,772 INFO [main] o.a.catalina.core.StandardService [DirectJDKLog.java : 173] Starting service [Tomcat]
2023-07-22 16:44:52,772 INFO [main] o.a.catalina.core.StandardEngine [DirectJDKLog.java : 173] Starting Servlet engine: [Apache Tomcat/9.0.55]
2023-07-22 16:44:52,869 INFO [main] o.a.c.c.C.[Tomcat].[localhost].[/] [DirectJDKLog.java : 173] Initializing Spring embedded WebApplicationContext
2023-07-22 16:44:52,870 INFO [main] o.s.b.w.s.c.ServletWebServerApplicationContext [ServletWebServerApplicationContext.java : 290] Root WebApplicationContext: initialization completed in 1856 ms
2023-07-22 16:44:53,741 INFO [main] o.a.coyote.http11.Http11NioProtocol [DirectJDKLog.java : 173] Starting ProtocolHandler ["http-nio-8888"]
2023-07-22 16:44:53,767 INFO [main] o.a.c.c.C.[Tomcat].[localhost].[/] [DirectJDKLog.java : 173] Initializing Spring DispatcherServlet 'dispatcherServlet'
2023-07-22 16:44:53,768 INFO [main] o.s.web.servlet.DispatcherServlet [FrameworkServlet.java : 525] Initializing Servlet 'dispatcherServlet'
2023-07-22 16:44:53,769 INFO [main] o.s.web.servlet.DispatcherServlet [FrameworkServlet.java : 547] Completed initialization in 1 ms
2023-07-22 16:44:53,771 INFO [main] o.s.b.w.e.tomcat.TomcatWebServer [TomcatWebServer.java : 220] Tomcat started on port(s): 8888 (http) with context path ''
2023-07-22 16:44:53,790 INFO [main] c.NettyApplication.NettyApplication [StartupInfoLogger.java : 61] Started NettyApplication in 3.658 seconds (JVM running for 4.57)
2023-07-22 16:44:53,835 INFO [main] c.N.listen.LaunchRunner [LaunchRunner.java : 42] 
-----------------------任务服务启动------------------------
	当前正在启动的0个任务
-----------------------------------------------------------
	
2023-07-22 16:44:53,838 INFO [main] c.N.listen.LaunchRunner [LaunchRunner.java : 30] netty服务器启动地址:127.0.0.1
2023-07-22 21:24:03,261 INFO [main] c.NettyApplication.NettyApplication [StartupInfoLogger.java : 55] Starting NettyApplication using Java 11.0.2 on yubodembp with PID 4713 (/Users/yubo/Documents/project/number/target/classes started by yubo in /Users/yubo/Documents/project/number)
2023-07-22 21:24:03,264 INFO [main] c.NettyApplication.NettyApplication [SpringApplication.java : 639] The following profiles are active: dev
2023-07-22 21:24:04,467 WARN [main] o.m.s.mapper.ClassPathMapperScanner [Logger.java : 44] No MyBatis mapper was found in '[com.NettyApplication]' package. Please check your configuration.
2023-07-22 21:24:05,078 INFO [main] o.s.b.w.e.tomcat.TomcatWebServer [TomcatWebServer.java : 108] Tomcat initialized with port(s): 8888 (http)
2023-07-22 21:24:05,092 INFO [main] o.a.coyote.http11.Http11NioProtocol [DirectJDKLog.java : 173] Initializing ProtocolHandler ["http-nio-8888"]
2023-07-22 21:24:05,093 INFO [main] o.a.catalina.core.StandardService [DirectJDKLog.java : 173] Starting service [Tomcat]
2023-07-22 21:24:05,093 INFO [main] o.a.catalina.core.StandardEngine [DirectJDKLog.java : 173] Starting Servlet engine: [Apache Tomcat/9.0.55]
2023-07-22 21:24:05,188 INFO [main] o.a.c.c.C.[Tomcat].[localhost].[/] [DirectJDKLog.java : 173] Initializing Spring embedded WebApplicationContext
2023-07-22 21:24:05,189 INFO [main] o.s.b.w.s.c.ServletWebServerApplicationContext [ServletWebServerApplicationContext.java : 290] Root WebApplicationContext: initialization completed in 1867 ms
2023-07-22 21:24:06,055 INFO [main] o.a.coyote.http11.Http11NioProtocol [DirectJDKLog.java : 173] Starting ProtocolHandler ["http-nio-8888"]
2023-07-22 21:24:06,076 INFO [main] o.a.c.c.C.[Tomcat].[localhost].[/] [DirectJDKLog.java : 173] Initializing Spring DispatcherServlet 'dispatcherServlet'
2023-07-22 21:24:06,077 INFO [main] o.s.web.servlet.DispatcherServlet [FrameworkServlet.java : 525] Initializing Servlet 'dispatcherServlet'
2023-07-22 21:24:06,078 INFO [main] o.s.web.servlet.DispatcherServlet [FrameworkServlet.java : 547] Completed initialization in 1 ms
2023-07-22 21:24:06,080 INFO [main] o.s.b.w.e.tomcat.TomcatWebServer [TomcatWebServer.java : 220] Tomcat started on port(s): 8888 (http) with context path ''
2023-07-22 21:24:06,097 INFO [main] c.NettyApplication.NettyApplication [StartupInfoLogger.java : 61] Started NettyApplication in 3.641 seconds (JVM running for 4.654)
2023-07-22 21:24:06,147 INFO [main] c.N.listen.LaunchRunner [LaunchRunner.java : 42] 
-----------------------任务服务启动------------------------
	当前正在启动的0个任务
-----------------------------------------------------------
	
2023-07-22 21:24:06,150 INFO [main] c.N.listen.LaunchRunner [LaunchRunner.java : 30] netty服务器启动地址:127.0.0.1
2023-07-22 21:25:50,663 INFO [nioEventLoopGroup-3-1] c.N.listen.NettyServerHandler [NettyServerHandler.java : 43] 客户端:d8574ec5,连接netty服务器[IP:127.0.0.1-->PORT:60449]
2023-07-22 21:25:50,688 INFO [nioEventLoopGroup-3-1] c.N.listen.NettyServerHandler [NettyServerHandler.java : 44] channelActive连接通道数量: 1
2023-07-22 21:25:59,015 INFO [nioEventLoopGroup-3-1] c.N.listen.NettyServerHandler [NettyServerHandler.java : 64] 客户端:d8574ec5,连接netty服务器[IP:127.0.0.1-->PORT:60449]
2023-07-22 21:25:59,024 INFO [nioEventLoopGroup-3-1] c.N.listen.NettyServerHandler [NettyServerHandler.java : 65] channelInactive连接通道数量: 0
2023-07-22 21:26:17,929 INFO [nioEventLoopGroup-3-2] c.N.listen.NettyServerHandler [NettyServerHandler.java : 43] 客户端:b9db198c,连接netty服务器[IP:127.0.0.1-->PORT:60473]
2023-07-22 21:26:17,940 INFO [nioEventLoopGroup-3-2] c.N.listen.NettyServerHandler [NettyServerHandler.java : 44] channelActive连接通道数量: 1
2023-07-22 21:31:23,477 INFO [nioEventLoopGroup-3-2] c.N.listen.NettyServerHandler [NettyServerHandler.java : 64] 客户端:b9db198c,连接netty服务器[IP:127.0.0.1-->PORT:60473]
2023-07-22 21:31:23,486 INFO [nioEventLoopGroup-3-2] c.N.listen.NettyServerHandler [NettyServerHandler.java : 65] channelInactive连接通道数量: 0
2023-07-22 21:33:42,308 INFO [main] c.NettyApplication.NettyApplication [StartupInfoLogger.java : 55] Starting NettyApplication using Java 11.0.2 on yubodembp with PID 4774 (/Users/yubo/Documents/project/number/target/classes started by yubo in /Users/yubo/Documents/project/number)
2023-07-22 21:33:42,310 INFO [main] c.NettyApplication.NettyApplication [SpringApplication.java : 639] The following profiles are active: dev
2023-07-22 21:33:43,437 WARN [main] o.m.s.mapper.ClassPathMapperScanner [Logger.java : 44] No MyBatis mapper was found in '[com.NettyApplication]' package. Please check your configuration.
2023-07-22 21:33:44,072 INFO [main] o.s.b.w.e.tomcat.TomcatWebServer [TomcatWebServer.java : 108] Tomcat initialized with port(s): 8888 (http)
2023-07-22 21:33:44,084 INFO [main] o.a.coyote.http11.Http11NioProtocol [DirectJDKLog.java : 173] Initializing ProtocolHandler ["http-nio-8888"]
2023-07-22 21:33:44,086 INFO [main] o.a.catalina.core.StandardService [DirectJDKLog.java : 173] Starting service [Tomcat]
2023-07-22 21:33:44,086 INFO [main] o.a.catalina.core.StandardEngine [DirectJDKLog.java : 173] Starting Servlet engine: [Apache Tomcat/9.0.55]
2023-07-22 21:33:44,179 INFO [main] o.a.c.c.C.[Tomcat].[localhost].[/] [DirectJDKLog.java : 173] Initializing Spring embedded WebApplicationContext
2023-07-22 21:33:44,179 INFO [main] o.s.b.w.s.c.ServletWebServerApplicationContext [ServletWebServerApplicationContext.java : 290] Root WebApplicationContext: initialization completed in 1809 ms
2023-07-22 21:33:45,051 INFO [main] o.a.coyote.http11.Http11NioProtocol [DirectJDKLog.java : 173] Starting ProtocolHandler ["http-nio-8888"]
2023-07-22 21:33:45,070 INFO [main] o.a.c.c.C.[Tomcat].[localhost].[/] [DirectJDKLog.java : 173] Initializing Spring DispatcherServlet 'dispatcherServlet'
2023-07-22 21:33:45,070 INFO [main] o.s.web.servlet.DispatcherServlet [FrameworkServlet.java : 525] Initializing Servlet 'dispatcherServlet'
2023-07-22 21:33:45,071 INFO [main] o.s.web.servlet.DispatcherServlet [FrameworkServlet.java : 547] Completed initialization in 1 ms
2023-07-22 21:33:45,073 INFO [main] o.s.b.w.e.tomcat.TomcatWebServer [TomcatWebServer.java : 220] Tomcat started on port(s): 8888 (http) with context path ''
2023-07-22 21:33:45,100 INFO [main] c.NettyApplication.NettyApplication [StartupInfoLogger.java : 61] Started NettyApplication in 3.621 seconds (JVM running for 4.614)
2023-07-22 21:33:45,147 INFO [main] c.N.listen.LaunchRunner [LaunchRunner.java : 42] 
-----------------------任务服务启动------------------------
	当前正在启动的0个任务
-----------------------------------------------------------
	
2023-07-22 21:33:45,152 INFO [main] c.N.listen.LaunchRunner [LaunchRunner.java : 30] netty服务器启动地址:127.0.0.1
2023-07-22 21:34:55,439 INFO [main] c.NettyApplication.NettyApplication [StartupInfoLogger.java : 55] Starting NettyApplication using Java 11.0.2 on yubodembp with PID 4783 (/Users/yubo/Documents/project/number/target/classes started by yubo in /Users/yubo/Documents/project/number)
2023-07-22 21:34:55,441 INFO [main] c.NettyApplication.NettyApplication [SpringApplication.java : 639] The following profiles are active: dev
2023-07-22 21:34:56,536 WARN [main] o.m.s.mapper.ClassPathMapperScanner [Logger.java : 44] No MyBatis mapper was found in '[com.NettyApplication]' package. Please check your configuration.
2023-07-22 21:34:57,163 INFO [main] o.s.b.w.e.tomcat.TomcatWebServer [TomcatWebServer.java : 108] Tomcat initialized with port(s): 8888 (http)
2023-07-22 21:34:57,175 INFO [main] o.a.coyote.http11.Http11NioProtocol [DirectJDKLog.java : 173] Initializing ProtocolHandler ["http-nio-8888"]
2023-07-22 21:34:57,176 INFO [main] o.a.catalina.core.StandardService [DirectJDKLog.java : 173] Starting service [Tomcat]
2023-07-22 21:34:57,177 INFO [main] o.a.catalina.core.StandardEngine [DirectJDKLog.java : 173] Starting Servlet engine: [Apache Tomcat/9.0.55]
2023-07-22 21:34:57,273 INFO [main] o.a.c.c.C.[Tomcat].[localhost].[/] [DirectJDKLog.java : 173] Initializing Spring embedded WebApplicationContext
2023-07-22 21:34:57,274 INFO [main] o.s.b.w.s.c.ServletWebServerApplicationContext [ServletWebServerApplicationContext.java : 290] Root WebApplicationContext: initialization completed in 1778 ms
2023-07-22 21:34:58,151 INFO [main] o.a.coyote.http11.Http11NioProtocol [DirectJDKLog.java : 173] Starting ProtocolHandler ["http-nio-8888"]
2023-07-22 21:34:58,174 INFO [main] o.a.c.c.C.[Tomcat].[localhost].[/] [DirectJDKLog.java : 173] Initializing Spring DispatcherServlet 'dispatcherServlet'
2023-07-22 21:34:58,175 INFO [main] o.s.web.servlet.DispatcherServlet [FrameworkServlet.java : 525] Initializing Servlet 'dispatcherServlet'
2023-07-22 21:34:58,176 INFO [main] o.s.web.servlet.DispatcherServlet [FrameworkServlet.java : 547] Completed initialization in 1 ms
2023-07-22 21:34:58,179 INFO [main] o.s.b.w.e.tomcat.TomcatWebServer [TomcatWebServer.java : 220] Tomcat started on port(s): 8888 (http) with context path ''
2023-07-22 21:34:58,201 INFO [main] c.NettyApplication.NettyApplication [StartupInfoLogger.java : 61] Started NettyApplication in 3.573 seconds (JVM running for 4.489)
2023-07-22 21:34:58,248 INFO [main] c.N.listen.LaunchRunner [LaunchRunner.java : 42] 
-----------------------任务服务启动------------------------
	当前正在启动的0个任务
-----------------------------------------------------------
	
2023-07-22 21:34:58,252 INFO [main] c.N.listen.LaunchRunner [LaunchRunner.java : 30] netty服务器启动地址:127.0.0.1
2023-07-22 21:37:08,299 INFO [nioEventLoopGroup-3-1] c.N.listen.NettyServerHandler [NettyServerHandler.java : 43] 客户端:e3fec57d,连接netty服务器[IP:127.0.0.1-->PORT:60912]
2023-07-22 21:37:09,293 INFO [nioEventLoopGroup-3-2] c.N.listen.NettyServerHandler [NettyServerHandler.java : 43] 客户端:be68215b,连接netty服务器[IP:127.0.0.1-->PORT:60957]
2023-07-22 21:37:09,312 INFO [nioEventLoopGroup-3-2] c.N.listen.NettyServerHandler [NettyServerHandler.java : 44] channelActive连接通道数量: 2
2023-07-22 21:37:09,312 INFO [nioEventLoopGroup-3-1] c.N.listen.NettyServerHandler [NettyServerHandler.java : 44] channelActive连接通道数量: 2
2023-07-22 21:37:09,363 INFO [nioEventLoopGroup-3-1] c.N.listen.NettyServerHandler [NettyServerHandler.java : 64] 客户端:e3fec57d,连接netty服务器[IP:127.0.0.1-->PORT:60912]
2023-07-22 21:37:09,374 INFO [nioEventLoopGroup-3-1] c.N.listen.NettyServerHandler [NettyServerHandler.java : 65] channelInactive连接通道数量: 1
2023-07-22 21:47:08,455 INFO [nioEventLoopGroup-3-2] c.N.listen.NettyServerHandler [NettyServerHandler.java : 145] Client:/127.0.0.1:60957,READER_IDLE 读超时
2023-07-22 21:59:52,657 INFO [nioEventLoopGroup-3-3] c.N.listen.NettyServerHandler [NettyServerHandler.java : 43] 客户端:66f403eb,连接netty服务器[IP:127.0.0.1-->PORT:61658]
2023-07-22 22:00:14,264 INFO [nioEventLoopGroup-3-3] c.N.listen.NettyServerHandler [NettyServerHandler.java : 44] channelActive连接通道数量: 1
2023-07-22 22:03:18,550 INFO [main] c.NettyApplication.NettyApplication [StartupInfoLogger.java : 55] Starting NettyApplication using Java 11.0.2 on yubodembp with PID 4918 (/Users/yubo/Documents/project/number/target/classes started by yubo in /Users/yubo/Documents/project/number)
2023-07-22 22:03:18,553 INFO [main] c.NettyApplication.NettyApplication [SpringApplication.java : 639] The following profiles are active: dev
2023-07-22 22:03:19,665 WARN [main] o.m.s.mapper.ClassPathMapperScanner [Logger.java : 44] No MyBatis mapper was found in '[com.NettyApplication]' package. Please check your configuration.
2023-07-22 22:03:20,257 INFO [main] o.s.b.w.e.tomcat.TomcatWebServer [TomcatWebServer.java : 108] Tomcat initialized with port(s): 8888 (http)
2023-07-22 22:03:20,271 INFO [main] o.a.coyote.http11.Http11NioProtocol [DirectJDKLog.java : 173] Initializing ProtocolHandler ["http-nio-8888"]
2023-07-22 22:03:20,272 INFO [main] o.a.catalina.core.StandardService [DirectJDKLog.java : 173] Starting service [Tomcat]
2023-07-22 22:03:20,272 INFO [main] o.a.catalina.core.StandardEngine [DirectJDKLog.java : 173] Starting Servlet engine: [Apache Tomcat/9.0.55]
2023-07-22 22:03:20,356 INFO [main] o.a.c.c.C.[Tomcat].[localhost].[/] [DirectJDKLog.java : 173] Initializing Spring embedded WebApplicationContext
2023-07-22 22:03:20,356 INFO [main] o.s.b.w.s.c.ServletWebServerApplicationContext [ServletWebServerApplicationContext.java : 290] Root WebApplicationContext: initialization completed in 1740 ms
2023-07-22 22:03:21,211 INFO [main] o.a.coyote.http11.Http11NioProtocol [DirectJDKLog.java : 173] Starting ProtocolHandler ["http-nio-8888"]
2023-07-22 22:03:21,231 INFO [main] o.a.c.c.C.[Tomcat].[localhost].[/] [DirectJDKLog.java : 173] Initializing Spring DispatcherServlet 'dispatcherServlet'
2023-07-22 22:03:21,231 INFO [main] o.s.web.servlet.DispatcherServlet [FrameworkServlet.java : 525] Initializing Servlet 'dispatcherServlet'
2023-07-22 22:03:21,233 INFO [main] o.s.web.servlet.DispatcherServlet [FrameworkServlet.java : 547] Completed initialization in 1 ms
2023-07-22 22:03:21,235 INFO [main] o.s.b.w.e.tomcat.TomcatWebServer [TomcatWebServer.java : 220] Tomcat started on port(s): 8888 (http) with context path ''
2023-07-22 22:03:21,255 INFO [main] c.NettyApplication.NettyApplication [StartupInfoLogger.java : 61] Started NettyApplication in 3.564 seconds (JVM running for 4.468)
2023-07-22 22:03:21,309 INFO [main] c.N.listen.LaunchRunner [LaunchRunner.java : 42] 
-----------------------任务服务启动------------------------
	当前正在启动的0个任务
-----------------------------------------------------------
	
2023-07-22 22:03:21,314 INFO [main] c.N.listen.LaunchRunner [LaunchRunner.java : 30] netty服务器启动地址:127.0.0.1
2023-07-22 22:06:26,069 INFO [main] c.NettyApplication.NettyApplication [StartupInfoLogger.java : 55] Starting NettyApplication using Java 11.0.2 on yubodembp with PID 4928 (/Users/yubo/Documents/project/number/target/classes started by yubo in /Users/yubo/Documents/project/number)
2023-07-22 22:06:26,071 INFO [main] c.NettyApplication.NettyApplication [SpringApplication.java : 639] The following profiles are active: dev
2023-07-22 22:06:27,171 WARN [main] o.m.s.mapper.ClassPathMapperScanner [Logger.java : 44] No MyBatis mapper was found in '[com.NettyApplication]' package. Please check your configuration.
2023-07-22 22:06:27,812 INFO [main] o.s.b.w.e.tomcat.TomcatWebServer [TomcatWebServer.java : 108] Tomcat initialized with port(s): 8888 (http)
2023-07-22 22:06:27,824 INFO [main] o.a.coyote.http11.Http11NioProtocol [DirectJDKLog.java : 173] Initializing ProtocolHandler ["http-nio-8888"]
2023-07-22 22:06:27,825 INFO [main] o.a.catalina.core.StandardService [DirectJDKLog.java : 173] Starting service [Tomcat]
2023-07-22 22:06:27,825 INFO [main] o.a.catalina.core.StandardEngine [DirectJDKLog.java : 173] Starting Servlet engine: [Apache Tomcat/9.0.55]
2023-07-22 22:06:27,915 INFO [main] o.a.c.c.C.[Tomcat].[localhost].[/] [DirectJDKLog.java : 173] Initializing Spring embedded WebApplicationContext
2023-07-22 22:06:27,916 INFO [main] o.s.b.w.s.c.ServletWebServerApplicationContext [ServletWebServerApplicationContext.java : 290] Root WebApplicationContext: initialization completed in 1788 ms
2023-07-22 22:06:28,788 INFO [main] o.a.coyote.http11.Http11NioProtocol [DirectJDKLog.java : 173] Starting ProtocolHandler ["http-nio-8888"]
2023-07-22 22:06:28,815 INFO [main] o.a.c.c.C.[Tomcat].[localhost].[/] [DirectJDKLog.java : 173] Initializing Spring DispatcherServlet 'dispatcherServlet'
2023-07-22 22:06:28,815 INFO [main] o.s.web.servlet.DispatcherServlet [FrameworkServlet.java : 525] Initializing Servlet 'dispatcherServlet'
2023-07-22 22:06:28,817 INFO [main] o.s.web.servlet.DispatcherServlet [FrameworkServlet.java : 547] Completed initialization in 1 ms
2023-07-22 22:06:28,821 INFO [main] o.s.b.w.e.tomcat.TomcatWebServer [TomcatWebServer.java : 220] Tomcat started on port(s): 8888 (http) with context path ''
2023-07-22 22:06:28,843 INFO [main] c.NettyApplication.NettyApplication [StartupInfoLogger.java : 61] Started NettyApplication in 3.562 seconds (JVM running for 4.471)
2023-07-22 22:06:28,889 INFO [main] c.N.listen.LaunchRunner [LaunchRunner.java : 42] 
-----------------------任务服务启动------------------------
	               当前正在启动的0个任务
-----------------------------------------------------------
	
2023-07-22 22:06:35,292 INFO [main] c.N.listen.LaunchRunner [LaunchRunner.java : 30] netty服务器启动地址:127.0.0.1
2023-07-22 22:08:05,317 INFO [nioEventLoopGroup-3-1] c.N.listen.NettyServerHandler [NettyServerHandler.java : 43] 客户端:ddfa9a4f,连接netty服务器[IP:127.0.0.1-->PORT:62619]
2023-07-22 22:08:05,338 INFO [nioEventLoopGroup-3-1] c.N.listen.NettyServerHandler [NettyServerHandler.java : 44] channelActive连接通道数量: 1
2023-07-22 22:08:21,457 INFO [nioEventLoopGroup-3-1] c.N.listen.NettyServerHandler [NettyServerHandler.java : 80] 加载客户端报文,客户端id:ddfa9a4f,客户端消息:AA010101000000FF
2023-07-22 22:08:21,461 INFO [nioEventLoopGroup-3-1] c.N.listen.NettyServerHandler [NettyServerHandler.java : 90] 报文消息:AA010101000000FF
2023-07-22 22:09:44,355 INFO [nioEventLoopGroup-3-1] c.N.listen.NettyServerHandler [NettyServerHandler.java : 80] 加载客户端报文,客户端id:ddfa9a4f,客户端消息:AA010101000000FF
2023-07-22 22:09:44,360 INFO [nioEventLoopGroup-3-1] c.N.listen.NettyServerHandler [NettyServerHandler.java : 90] 报文消息:AA010101000000FF
2023-07-22 22:09:47,349 INFO [nioEventLoopGroup-3-1] c.N.listen.NettyServerHandler [NettyServerHandler.java : 80] 加载客户端报文,客户端id:ddfa9a4f,客户端消息:AA010101000000FF
2023-07-22 22:09:47,352 INFO [nioEventLoopGroup-3-1] c.N.listen.NettyServerHandler [NettyServerHandler.java : 90] 报文消息:AA010101000000FF
2023-07-22 22:10:28,599 INFO [main] c.NettyApplication.NettyApplication [StartupInfoLogger.java : 55] Starting NettyApplication using Java 11.0.2 on yubodembp with PID 4948 (/Users/yubo/Documents/project/number/target/classes started by yubo in /Users/yubo/Documents/project/number)
2023-07-22 22:10:28,601 INFO [main] c.NettyApplication.NettyApplication [SpringApplication.java : 639] The following profiles are active: dev
2023-07-22 22:10:29,714 WARN [main] o.m.s.mapper.ClassPathMapperScanner [Logger.java : 44] No MyBatis mapper was found in '[com.NettyApplication]' package. Please check your configuration.
2023-07-22 22:10:30,337 INFO [main] o.s.b.w.e.tomcat.TomcatWebServer [TomcatWebServer.java : 108] Tomcat initialized with port(s): 8888 (http)
2023-07-22 22:10:30,350 INFO [main] o.a.coyote.http11.Http11NioProtocol [DirectJDKLog.java : 173] Initializing ProtocolHandler ["http-nio-8888"]
2023-07-22 22:10:30,351 INFO [main] o.a.catalina.core.StandardService [DirectJDKLog.java : 173] Starting service [Tomcat]
2023-07-22 22:10:30,352 INFO [main] o.a.catalina.core.StandardEngine [DirectJDKLog.java : 173] Starting Servlet engine: [Apache Tomcat/9.0.55]
2023-07-22 22:10:30,450 INFO [main] o.a.c.c.C.[Tomcat].[localhost].[/] [DirectJDKLog.java : 173] Initializing Spring embedded WebApplicationContext
2023-07-22 22:10:30,451 INFO [main] o.s.b.w.s.c.ServletWebServerApplicationContext [ServletWebServerApplicationContext.java : 290] Root WebApplicationContext: initialization completed in 1787 ms
2023-07-22 22:10:31,310 INFO [main] o.a.coyote.http11.Http11NioProtocol [DirectJDKLog.java : 173] Starting ProtocolHandler ["http-nio-8888"]
2023-07-22 22:10:31,334 INFO [main] o.a.c.c.C.[Tomcat].[localhost].[/] [DirectJDKLog.java : 173] Initializing Spring DispatcherServlet 'dispatcherServlet'
2023-07-22 22:10:31,335 INFO [main] o.s.web.servlet.DispatcherServlet [FrameworkServlet.java : 525] Initializing Servlet 'dispatcherServlet'
2023-07-22 22:10:31,336 INFO [main] o.s.web.servlet.DispatcherServlet [FrameworkServlet.java : 547] Completed initialization in 1 ms
2023-07-22 22:10:31,338 INFO [main] o.s.b.w.e.tomcat.TomcatWebServer [TomcatWebServer.java : 220] Tomcat started on port(s): 8888 (http) with context path ''
2023-07-22 22:10:31,360 INFO [main] c.NettyApplication.NettyApplication [StartupInfoLogger.java : 61] Started NettyApplication in 3.592 seconds (JVM running for 4.578)
2023-07-22 22:10:31,412 INFO [main] c.N.listen.LaunchRunner [LaunchRunner.java : 42] 
-----------------------任务服务启动------------------------
	               当前正在启动的0个任务
-----------------------------------------------------------
	
2023-07-22 22:10:40,767 INFO [main] c.N.listen.LaunchRunner [LaunchRunner.java : 30] netty服务器启动地址:127.0.0.1
2023-07-22 22:11:32,756 INFO [nioEventLoopGroup-3-1] c.N.listen.NettyServerHandler [NettyServerHandler.java : 43] 客户端:3453b9a0,连接netty服务器[IP:127.0.0.1-->PORT:62857]
2023-07-22 22:11:32,771 INFO [nioEventLoopGroup-3-1] c.N.listen.NettyServerHandler [NettyServerHandler.java : 44] channelActive连接通道数量: 1
2023-07-22 22:11:47,342 INFO [main] c.NettyApplication.NettyApplication [StartupInfoLogger.java : 55] Starting NettyApplication using Java 11.0.2 on yubodembp with PID 4956 (/Users/yubo/Documents/project/number/target/classes started by yubo in /Users/yubo/Documents/project/number)
2023-07-22 22:11:47,344 INFO [main] c.NettyApplication.NettyApplication [SpringApplication.java : 639] The following profiles are active: dev
2023-07-22 22:11:48,475 WARN [main] o.m.s.mapper.ClassPathMapperScanner [Logger.java : 44] No MyBatis mapper was found in '[com.NettyApplication]' package. Please check your configuration.
2023-07-22 22:11:49,109 INFO [main] o.s.b.w.e.tomcat.TomcatWebServer [TomcatWebServer.java : 108] Tomcat initialized with port(s): 8888 (http)
2023-07-22 22:11:49,123 INFO [main] o.a.coyote.http11.Http11NioProtocol [DirectJDKLog.java : 173] Initializing ProtocolHandler ["http-nio-8888"]
2023-07-22 22:11:49,124 INFO [main] o.a.catalina.core.StandardService [DirectJDKLog.java : 173] Starting service [Tomcat]
2023-07-22 22:11:49,124 INFO [main] o.a.catalina.core.StandardEngine [DirectJDKLog.java : 173] Starting Servlet engine: [Apache Tomcat/9.0.55]
2023-07-22 22:11:49,218 INFO [main] o.a.c.c.C.[Tomcat].[localhost].[/] [DirectJDKLog.java : 173] Initializing Spring embedded WebApplicationContext
2023-07-22 22:11:49,218 INFO [main] o.s.b.w.s.c.ServletWebServerApplicationContext [ServletWebServerApplicationContext.java : 290] Root WebApplicationContext: initialization completed in 1810 ms
2023-07-22 22:11:50,095 INFO [main] o.a.coyote.http11.Http11NioProtocol [DirectJDKLog.java : 173] Starting ProtocolHandler ["http-nio-8888"]
2023-07-22 22:11:50,116 INFO [main] o.a.c.c.C.[Tomcat].[localhost].[/] [DirectJDKLog.java : 173] Initializing Spring DispatcherServlet 'dispatcherServlet'
2023-07-22 22:11:50,116 INFO [main] o.s.web.servlet.DispatcherServlet [FrameworkServlet.java : 525] Initializing Servlet 'dispatcherServlet'
2023-07-22 22:11:50,117 INFO [main] o.s.web.servlet.DispatcherServlet [FrameworkServlet.java : 547] Completed initialization in 0 ms
2023-07-22 22:11:50,119 INFO [main] o.s.b.w.e.tomcat.TomcatWebServer [TomcatWebServer.java : 220] Tomcat started on port(s): 8888 (http) with context path ''
2023-07-22 22:11:50,136 INFO [main] c.NettyApplication.NettyApplication [StartupInfoLogger.java : 61] Started NettyApplication in 3.636 seconds (JVM running for 4.625)
2023-07-22 22:11:50,183 INFO [main] c.N.listen.LaunchRunner [LaunchRunner.java : 42] 
-----------------------任务服务启动------------------------
	               当前正在启动的0个任务
-----------------------------------------------------------
	
2023-07-22 22:11:50,188 INFO [main] c.N.listen.LaunchRunner [LaunchRunner.java : 30] netty服务器启动地址:127.0.0.1
2023-07-22 22:12:58,272 INFO [nioEventLoopGroup-3-1] c.N.listen.NettyServerHandler [NettyServerHandler.java : 43] 客户端:09789729,连接netty服务器[IP:127.0.0.1-->PORT:62911]
2023-07-22 22:12:58,282 INFO [nioEventLoopGroup-3-1] c.N.listen.NettyServerHandler [NettyServerHandler.java : 44] channelActive连接通道数量: 1
2023-07-22 22:13:42,661 INFO [nioEventLoopGroup-3-1] c.N.listen.NettyServerHandler [NettyServerHandler.java : 80] 加载客户端报文,客户端id:09789729,客户端消息:AA010101000000FF
2023-07-22 22:13:44,907 INFO [nioEventLoopGroup-3-1] c.N.listen.NettyServerHandler [NettyServerHandler.java : 90] 报文消息:AA010101000000FF
2023-07-22 22:15:54,191 INFO [http-nio-8888-exec-1] c.NettyApplication.listen.DtuManage [DtuManage.java : 42] 开始发送报文:09789729：[-86, 1, 1, 1, 0, 0, 0, -2]
2023-07-22 22:16:45,737 INFO [nioEventLoopGroup-3-1] c.NettyApplication.listen.DtuManage [DtuManage.java : 46] 客户端:09789729,回写成功:[-86, 1, 1, 1, 0, 0, 0, -2]
2023-07-22 22:24:03,190 INFO [main] c.NettyApplication.NettyApplication [StartupInfoLogger.java : 55] Starting NettyApplication using Java 11.0.2 on yubodembp with PID 5030 (/Users/yubo/Documents/project/hardWareAI/target/classes started by yubo in /Users/yubo/Documents/project/hardWareAI)
2023-07-22 22:24:03,192 INFO [main] c.NettyApplication.NettyApplication [SpringApplication.java : 639] The following profiles are active: dev
2023-07-22 22:24:04,328 WARN [main] o.m.s.mapper.ClassPathMapperScanner [Logger.java : 44] No MyBatis mapper was found in '[com.NettyApplication]' package. Please check your configuration.
2023-07-22 22:24:04,951 INFO [main] o.s.b.w.e.tomcat.TomcatWebServer [TomcatWebServer.java : 108] Tomcat initialized with port(s): 8888 (http)
2023-07-22 22:24:04,962 INFO [main] o.a.coyote.http11.Http11NioProtocol [DirectJDKLog.java : 173] Initializing ProtocolHandler ["http-nio-8888"]
2023-07-22 22:24:04,963 INFO [main] o.a.catalina.core.StandardService [DirectJDKLog.java : 173] Starting service [Tomcat]
2023-07-22 22:24:04,964 INFO [main] o.a.catalina.core.StandardEngine [DirectJDKLog.java : 173] Starting Servlet engine: [Apache Tomcat/9.0.55]
2023-07-22 22:24:05,054 INFO [main] o.a.c.c.C.[Tomcat].[localhost].[/] [DirectJDKLog.java : 173] Initializing Spring embedded WebApplicationContext
2023-07-22 22:24:05,055 INFO [main] o.s.b.w.s.c.ServletWebServerApplicationContext [ServletWebServerApplicationContext.java : 290] Root WebApplicationContext: initialization completed in 1799 ms
2023-07-22 22:24:05,936 INFO [main] o.a.coyote.http11.Http11NioProtocol [DirectJDKLog.java : 173] Starting ProtocolHandler ["http-nio-8888"]
2023-07-22 22:24:05,959 INFO [main] o.a.c.c.C.[Tomcat].[localhost].[/] [DirectJDKLog.java : 173] Initializing Spring DispatcherServlet 'dispatcherServlet'
2023-07-22 22:24:05,959 INFO [main] o.s.web.servlet.DispatcherServlet [FrameworkServlet.java : 525] Initializing Servlet 'dispatcherServlet'
2023-07-22 22:24:05,961 INFO [main] o.s.web.servlet.DispatcherServlet [FrameworkServlet.java : 547] Completed initialization in 1 ms
2023-07-22 22:24:05,963 INFO [main] o.s.b.w.e.tomcat.TomcatWebServer [TomcatWebServer.java : 220] Tomcat started on port(s): 8888 (http) with context path ''
2023-07-22 22:24:05,983 INFO [main] c.NettyApplication.NettyApplication [StartupInfoLogger.java : 61] Started NettyApplication in 3.679 seconds (JVM running for 4.602)
2023-07-22 22:24:06,027 INFO [main] c.N.listen.LaunchRunner [LaunchRunner.java : 42] 
-----------------------任务服务启动------------------------
	               当前正在启动的0个任务
-----------------------------------------------------------
	
2023-07-22 22:24:06,031 INFO [main] c.N.listen.LaunchRunner [LaunchRunner.java : 30] netty服务器启动地址:127.0.0.1
2023-07-22 23:08:16,375 INFO [main] c.NettyApplication.NettyApplication [StartupInfoLogger.java : 55] Starting NettyApplication using Java 11.0.2 on yubodembp with PID 5149 (/Users/yubo/Documents/project/hardWareAI/target/classes started by yubo in /Users/yubo/Documents/project/hardWareAI)
2023-07-22 23:08:16,378 INFO [main] c.NettyApplication.NettyApplication [SpringApplication.java : 639] The following profiles are active: dev
2023-07-22 23:08:17,584 WARN [main] o.m.s.mapper.ClassPathMapperScanner [Logger.java : 44] No MyBatis mapper was found in '[com.NettyApplication]' package. Please check your configuration.
2023-07-22 23:08:18,261 INFO [main] o.s.b.w.e.tomcat.TomcatWebServer [TomcatWebServer.java : 108] Tomcat initialized with port(s): 8888 (http)
2023-07-22 23:08:18,273 INFO [main] o.a.coyote.http11.Http11NioProtocol [DirectJDKLog.java : 173] Initializing ProtocolHandler ["http-nio-8888"]
2023-07-22 23:08:18,274 INFO [main] o.a.catalina.core.StandardService [DirectJDKLog.java : 173] Starting service [Tomcat]
2023-07-22 23:08:18,274 INFO [main] o.a.catalina.core.StandardEngine [DirectJDKLog.java : 173] Starting Servlet engine: [Apache Tomcat/9.0.55]
2023-07-22 23:08:18,371 INFO [main] o.a.c.c.C.[Tomcat].[localhost].[/] [DirectJDKLog.java : 173] Initializing Spring embedded WebApplicationContext
2023-07-22 23:08:18,372 INFO [main] o.s.b.w.s.c.ServletWebServerApplicationContext [ServletWebServerApplicationContext.java : 290] Root WebApplicationContext: initialization completed in 1924 ms
2023-07-22 23:08:19,262 INFO [main] o.a.coyote.http11.Http11NioProtocol [DirectJDKLog.java : 173] Starting ProtocolHandler ["http-nio-8888"]
2023-07-22 23:08:19,283 INFO [main] o.a.c.c.C.[Tomcat].[localhost].[/] [DirectJDKLog.java : 173] Initializing Spring DispatcherServlet 'dispatcherServlet'
2023-07-22 23:08:19,284 INFO [main] o.s.web.servlet.DispatcherServlet [FrameworkServlet.java : 525] Initializing Servlet 'dispatcherServlet'
2023-07-22 23:08:19,285 INFO [main] o.s.web.servlet.DispatcherServlet [FrameworkServlet.java : 547] Completed initialization in 1 ms
2023-07-22 23:08:19,287 INFO [main] o.s.b.w.e.tomcat.TomcatWebServer [TomcatWebServer.java : 220] Tomcat started on port(s): 8888 (http) with context path ''
2023-07-22 23:08:19,306 INFO [main] c.NettyApplication.NettyApplication [StartupInfoLogger.java : 61] Started NettyApplication in 3.755 seconds (JVM running for 4.683)
2023-07-22 23:08:19,351 INFO [main] c.N.listen.LaunchRunner [LaunchRunner.java : 42] 
-----------------------任务服务启动------------------------
	               当前正在启动的0个任务
-----------------------------------------------------------
	
2023-07-22 23:08:19,354 INFO [main] c.N.listen.LaunchRunner [LaunchRunner.java : 30] netty服务器启动地址:127.0.0.1
